# JRE version: OpenJDK Runtime Environment (17.0.6) (build 17.0.6+0-b2043.56-10027231)
# Java VM: OpenJDK 64-Bit Server VM (17.0.6+0-b2043.56-10027231, mixed mode, tiered, compressed oops, compressed class ptrs, g1 gc, windows-amd64)
GC Precious Log:
 CPUs: 8 total, 8 available
 Memory: 16122M
 Large Page Support: Disabled
 NUMA Support: Disabled
 Compressed Oops: Enabled (32-bit)
 Heap Region Size: 1M
 Heap Min Capacity: 8M
 Heap Initial Capacity: 252M
 Heap Max Capacity: 2G
 Pre-touch: Disabled
 Parallel Workers: 8
 Concurrent Workers: 2
 Concurrent Refinement Workers: 8
 Periodic GC: Disabled
Heap:
 garbage-first heap   total 162816K, used 103699K [0x0000000080000000, 0x0000000100000000)
  region size 1024K, 77 young (78848K), 3 survivors (3072K)
 Metaspace       used 52193K, committed 52672K, reserved 1097728K
  class space    used 7017K, committed 7232K, reserved 1048576K
GC Heap History (20 events):
Event: 2.901 GC heap before
{Heap before GC invocations=1 (full 0):
 garbage-first heap   total 258048K, used 40927K [0x0000000080000000, 0x0000000100000000)
  region size 1024K, 32 young (32768K), 3 survivors (3072K)
 Metaspace       used 11203K, committed 11456K, reserved 1064960K
  class space    used 1162K, committed 1280K, reserved 1048576K
}
Event: 2.906 GC heap after
{Heap after GC invocations=2 (full 0):
 garbage-first heap   total 258048K, used 14608K [0x0000000080000000, 0x0000000100000000)
  region size 1024K, 4 young (4096K), 4 survivors (4096K)
 Metaspace       used 11203K, committed 11456K, reserved 1064960K
  class space    used 1162K, committed 1280K, reserved 1048576K
}
Event: 4.595 GC heap before
{Heap before GC invocations=2 (full 0):
 garbage-first heap   total 258048K, used 51472K [0x0000000080000000, 0x0000000100000000)
  region size 1024K, 41 young (41984K), 4 survivors (4096K)
 Metaspace       used 21245K, committed 21504K, reserved 1073152K
  class space    used 2582K, committed 2752K, reserved 1048576K
}
Event: 4.603 GC heap after
{Heap after GC invocations=3 (full 0):
 garbage-first heap   total 258048K, used 17948K [0x0000000080000000, 0x0000000100000000)
  region size 1024K, 8 young (8192K), 8 survivors (8192K)
 Metaspace       used 21245K, committed 21504K, reserved 1073152K
  class space    used 2582K, committed 2752K, reserved 1048576K
}
Event: 5.451 GC heap before
{Heap before GC invocations=4 (full 0):
 garbage-first heap   total 68608K, used 50716K [0x0000000080000000, 0x0000000100000000)
  region size 1024K, 40 young (40960K), 8 survivors (8192K)
 Metaspace       used 26172K, committed 26496K, reserved 1073152K
  class space    used 3443K, committed 3584K, reserved 1048576K
}
Event: 5.460 GC heap after
{Heap after GC invocations=5 (full 0):
 garbage-first heap   total 68608K, used 19961K [0x0000000080000000, 0x0000000100000000)
  region size 1024K, 3 young (3072K), 3 survivors (3072K)
 Metaspace       used 26172K, committed 26496K, reserved 1073152K
  class space    used 3443K, committed 3584K, reserved 1048576K
}
Event: 5.495 GC heap before
{Heap before GC invocations=5 (full 0):
 garbage-first heap   total 68608K, used 20985K [0x0000000080000000, 0x0000000100000000)
  region size 1024K, 4 young (4096K), 3 survivors (3072K)
 Metaspace       used 26377K, committed 26688K, reserved 1073152K
  class space    used 3477K, committed 3584K, reserved 1048576K
}
Event: 5.498 GC heap after
{Heap after GC invocations=6 (full 0):
 garbage-first heap   total 68608K, used 20337K [0x0000000080000000, 0x0000000100000000)
  region size 1024K, 1 young (1024K), 1 survivors (1024K)
 Metaspace       used 26377K, committed 26688K, reserved 1073152K
  class space    used 3477K, committed 3584K, reserved 1048576K
}
Event: 6.094 GC heap before
{Heap before GC invocations=6 (full 0):
 garbage-first heap   total 68608K, used 46961K [0x0000000080000000, 0x0000000100000000)
  region size 1024K, 27 young (27648K), 1 survivors (1024K)
 Metaspace       used 30555K, committed 30848K, reserved 1081344K
  class space    used 4154K, committed 4288K, reserved 1048576K
}
Event: 6.096 GC heap after
{Heap after GC invocations=7 (full 0):
 garbage-first heap   total 68608K, used 21548K [0x0000000080000000, 0x0000000100000000)
  region size 1024K, 2 young (2048K), 2 survivors (2048K)
 Metaspace       used 30555K, committed 30848K, reserved 1081344K
  class space    used 4154K, committed 4288K, reserved 1048576K
}
Event: 7.853 GC heap before
{Heap before GC invocations=7 (full 0):
 garbage-first heap   total 68608K, used 49196K [0x0000000080000000, 0x0000000100000000)
  region size 1024K, 29 young (29696K), 2 survivors (2048K)
 Metaspace       used 35242K, committed 35584K, reserved 1081344K
  class space    used 4866K, committed 5056K, reserved 1048576K
}
Event: 7.859 GC heap after
{Heap after GC invocations=8 (full 0):
 garbage-first heap   total 68608K, used 23668K [0x0000000080000000, 0x0000000100000000)
  region size 1024K, 4 young (4096K), 4 survivors (4096K)
 Metaspace       used 35242K, committed 35584K, reserved 1081344K
  class space    used 4866K, committed 5056K, reserved 1048576K
}
Event: 7.909 GC heap before
{Heap before GC invocations=8 (full 0):
 garbage-first heap   total 68608K, used 23668K [0x0000000080000000, 0x0000000100000000)
  region size 1024K, 5 young (5120K), 4 survivors (4096K)
 Metaspace       used 35648K, committed 35968K, reserved 1081344K
  class space    used 4875K, committed 5056K, reserved 1048576K
}
Event: 7.915 GC heap after
{Heap after GC invocations=9 (full 0):
 garbage-first heap   total 68608K, used 23848K [0x0000000080000000, 0x0000000100000000)
  region size 1024K, 1 young (1024K), 1 survivors (1024K)
 Metaspace       used 35648K, committed 35968K, reserved 1081344K
  class space    used 4875K, committed 5056K, reserved 1048576K
}
Event: 8.448 GC heap before
{Heap before GC invocations=10 (full 0):
 garbage-first heap   total 68608K, used 49448K [0x0000000080000000, 0x0000000100000000)
  region size 1024K, 27 young (27648K), 1 survivors (1024K)
 Metaspace       used 40381K, committed 40704K, reserved 1089536K
  class space    used 5355K, committed 5504K, reserved 1048576K
}
Event: 8.452 GC heap after
{Heap after GC invocations=11 (full 0):
 garbage-first heap   total 68608K, used 27466K [0x0000000080000000, 0x0000000100000000)
  region size 1024K, 4 young (4096K), 4 survivors (4096K)
 Metaspace       used 40381K, committed 40704K, reserved 1089536K
  class space    used 5355K, committed 5504K, reserved 1048576K
}
Event: 8.455 GC heap before
{Heap before GC invocations=11 (full 0):
 garbage-first heap   total 68608K, used 28490K [0x0000000080000000, 0x0000000100000000)
  region size 1024K, 5 young (5120K), 4 survivors (4096K)
 Metaspace       used 40381K, committed 40704K, reserved 1089536K
  class space    used 5355K, committed 5504K, reserved 1048576K
}
Event: 8.459 GC heap after
{Heap after GC invocations=12 (full 0):
 garbage-first heap   total 68608K, used 27216K [0x0000000080000000, 0x0000000100000000)
  region size 1024K, 1 young (1024K), 1 survivors (1024K)
 Metaspace       used 40381K, committed 40704K, reserved 1089536K
  class space    used 5355K, committed 5504K, reserved 1048576K
}
Event: 8.883 GC heap before
{Heap before GC invocations=12 (full 0):
 garbage-first heap   total 68608K, used 52816K [0x0000000080000000, 0x0000000100000000)
  region size 1024K, 23 young (23552K), 1 survivors (1024K)
 Metaspace       used 43129K, committed 43520K, reserved 1089536K
  class space    used 5666K, committed 5824K, reserved 1048576K
}
Event: 8.887 GC heap after
{Heap after GC invocations=13 (full 0):
 garbage-first heap   total 162816K, used 28947K [0x0000000080000000, 0x0000000100000000)
  region size 1024K, 3 young (3072K), 3 survivors (3072K)
 Metaspace       used 43129K, committed 43520K, reserved 1089536K
  class space    used 5666K, committed 5824K, reserved 1048576K
}

