# JRE version: OpenJDK Runtime Environment (17.0.6) (build 17.0.6+0-b2043.56-10027231)
# Java VM: OpenJDK 64-Bit Server VM (17.0.6+0-b2043.56-10027231, mixed mode, tiered, compressed oops, compressed class ptrs, g1 gc, windows-amd64)
GC Precious Log:
 CPUs: 8 total, 8 available
 Memory: 16122M
 Large Page Support: Disabled
 NUMA Support: Disabled
 Compressed Oops: Enabled (32-bit)
 Heap Region Size: 1M
 Heap Min Capacity: 8M
 Heap Initial Capacity: 252M
 Heap Max Capacity: 2G
 Pre-touch: Disabled
 Parallel Workers: 8
 Concurrent Workers: 2
 Concurrent Refinement Workers: 8
 Periodic GC: Disabled
Heap:
 garbage-first heap   total 251904K, used 168421K [0x0000000080000000, 0x0000000100000000)
  region size 1024K, 86 young (88064K), 1 survivors (1024K)
 Metaspace       used 96592K, committed 97280K, reserved 1138688K
  class space    used 13138K, committed 13440K, reserved 1048576K
GC Heap History (20 events):
Event: 9.736 GC heap before
{Heap before GC invocations=29 (full 0):
 garbage-first heap   total 132096K, used 95139K [0x0000000080000000, 0x0000000100000000)
  region size 1024K, 41 young (41984K), 2 survivors (2048K)
 Metaspace       used 77827K, committed 78400K, reserved 1122304K
  class space    used 10330K, committed 10560K, reserved 1048576K
}
Event: 9.740 GC heap after
{Heap after GC invocations=30 (full 0):
 garbage-first heap   total 132096K, used 58116K [0x0000000080000000, 0x0000000100000000)
  region size 1024K, 5 young (5120K), 5 survivors (5120K)
 Metaspace       used 77827K, committed 78400K, reserved 1122304K
  class space    used 10330K, committed 10560K, reserved 1048576K
}
Event: 10.302 GC heap before
{Heap before GC invocations=30 (full 0):
 garbage-first heap   total 132096K, used 99076K [0x0000000080000000, 0x0000000100000000)
  region size 1024K, 45 young (46080K), 5 survivors (5120K)
 Metaspace       used 81576K, committed 82048K, reserved 1122304K
  class space    used 10918K, committed 11136K, reserved 1048576K
}
Event: 10.306 GC heap after
{Heap after GC invocations=31 (full 0):
 garbage-first heap   total 132096K, used 61157K [0x0000000080000000, 0x0000000100000000)
  region size 1024K, 6 young (6144K), 6 survivors (6144K)
 Metaspace       used 81576K, committed 82048K, reserved 1122304K
  class space    used 10918K, committed 11136K, reserved 1048576K
}
Event: 10.963 GC heap before
{Heap before GC invocations=31 (full 0):
 garbage-first heap   total 132096K, used 101093K [0x0000000080000000, 0x0000000100000000)
  region size 1024K, 45 young (46080K), 6 survivors (6144K)
 Metaspace       used 86260K, committed 86912K, reserved 1130496K
  class space    used 11702K, committed 12032K, reserved 1048576K
}
Event: 10.971 GC heap after
{Heap after GC invocations=32 (full 0):
 garbage-first heap   total 132096K, used 64178K [0x0000000080000000, 0x0000000100000000)
  region size 1024K, 6 young (6144K), 6 survivors (6144K)
 Metaspace       used 86260K, committed 86912K, reserved 1130496K
  class space    used 11702K, committed 12032K, reserved 1048576K
}
Event: 12.027 GC heap before
{Heap before GC invocations=32 (full 0):
 garbage-first heap   total 132096K, used 103090K [0x0000000080000000, 0x0000000100000000)
  region size 1024K, 44 young (45056K), 6 survivors (6144K)
 Metaspace       used 90341K, committed 90880K, reserved 1130496K
  class space    used 12343K, committed 12608K, reserved 1048576K
}
Event: 12.034 GC heap after
{Heap after GC invocations=33 (full 0):
 garbage-first heap   total 132096K, used 67159K [0x0000000080000000, 0x0000000100000000)
  region size 1024K, 6 young (6144K), 6 survivors (6144K)
 Metaspace       used 90341K, committed 90880K, reserved 1130496K
  class space    used 12343K, committed 12608K, reserved 1048576K
}
Event: 12.800 GC heap before
{Heap before GC invocations=33 (full 0):
 garbage-first heap   total 132096K, used 105047K [0x0000000080000000, 0x0000000100000000)
  region size 1024K, 43 young (44032K), 6 survivors (6144K)
 Metaspace       used 93657K, committed 94336K, reserved 1130496K
  class space    used 12759K, committed 13120K, reserved 1048576K
}
Event: 12.808 GC heap after
{Heap after GC invocations=34 (full 0):
 garbage-first heap   total 132096K, used 70994K [0x0000000080000000, 0x0000000100000000)
  region size 1024K, 6 young (6144K), 6 survivors (6144K)
 Metaspace       used 93657K, committed 94336K, reserved 1130496K
  class space    used 12759K, committed 13120K, reserved 1048576K
}
Event: 13.218 GC heap before
{Heap before GC invocations=35 (full 0):
 garbage-first heap   total 132096K, used 106834K [0x0000000080000000, 0x0000000100000000)
  region size 1024K, 41 young (41984K), 6 survivors (6144K)
 Metaspace       used 93856K, committed 94528K, reserved 1130496K
  class space    used 12781K, committed 13120K, reserved 1048576K
}
Event: 13.226 GC heap after
{Heap after GC invocations=36 (full 0):
 garbage-first heap   total 132096K, used 77004K [0x0000000080000000, 0x0000000100000000)
  region size 1024K, 6 young (6144K), 6 survivors (6144K)
 Metaspace       used 93856K, committed 94528K, reserved 1130496K
  class space    used 12781K, committed 13120K, reserved 1048576K
}
Event: 13.257 GC heap before
{Heap before GC invocations=36 (full 0):
 garbage-first heap   total 132096K, used 77004K [0x0000000080000000, 0x0000000100000000)
  region size 1024K, 7 young (7168K), 6 survivors (6144K)
 Metaspace       used 94014K, committed 94656K, reserved 1130496K
  class space    used 12817K, committed 13120K, reserved 1048576K
}
Event: 13.265 GC heap after
{Heap after GC invocations=37 (full 0):
 garbage-first heap   total 132096K, used 77012K [0x0000000080000000, 0x0000000100000000)
  region size 1024K, 1 young (1024K), 1 survivors (1024K)
 Metaspace       used 94014K, committed 94656K, reserved 1130496K
  class space    used 12817K, committed 13120K, reserved 1048576K
}
Event: 14.149 GC heap before
{Heap before GC invocations=37 (full 0):
 garbage-first heap   total 132096K, used 106708K [0x0000000080000000, 0x0000000100000000)
  region size 1024K, 30 young (30720K), 1 survivors (1024K)
 Metaspace       used 95668K, committed 96384K, reserved 1138688K
  class space    used 13085K, committed 13440K, reserved 1048576K
}
Event: 14.154 GC heap after
{Heap after GC invocations=38 (full 0):
 garbage-first heap   total 132096K, used 81535K [0x0000000080000000, 0x0000000100000000)
  region size 1024K, 4 young (4096K), 4 survivors (4096K)
 Metaspace       used 95668K, committed 96384K, reserved 1138688K
  class space    used 13085K, committed 13440K, reserved 1048576K
}
Event: 14.522 GC heap before
{Heap before GC invocations=39 (full 0):
 garbage-first heap   total 145408K, used 105087K [0x0000000080000000, 0x0000000100000000)
  region size 1024K, 28 young (28672K), 4 survivors (4096K)
 Metaspace       used 95747K, committed 96448K, reserved 1138688K
  class space    used 13088K, committed 13440K, reserved 1048576K
}
Event: 14.527 GC heap after
{Heap after GC invocations=40 (full 0):
 garbage-first heap   total 145408K, used 84078K [0x0000000080000000, 0x0000000100000000)
  region size 1024K, 4 young (4096K), 4 survivors (4096K)
 Metaspace       used 95747K, committed 96448K, reserved 1138688K
  class space    used 13088K, committed 13440K, reserved 1048576K
}
Event: 14.578 GC heap before
{Heap before GC invocations=40 (full 0):
 garbage-first heap   total 145408K, used 87150K [0x0000000080000000, 0x0000000100000000)
  region size 1024K, 7 young (7168K), 4 survivors (4096K)
 Metaspace       used 95761K, committed 96448K, reserved 1138688K
  class space    used 13088K, committed 13440K, reserved 1048576K
}
Event: 14.582 GC heap after
{Heap after GC invocations=41 (full 0):
 garbage-first heap   total 251904K, used 83429K [0x0000000080000000, 0x0000000100000000)
  region size 1024K, 1 young (1024K), 1 survivors (1024K)
 Metaspace       used 95761K, committed 96448K, reserved 1138688K
  class space    used 13088K, committed 13440K, reserved 1048576K
}

